
> vibe-generated-app@1.0.0 dev
> vite


  VITE v5.4.20  ready in 205 ms

  ➜  Local:   http://localhost:3000/
  ➜  Network: http://172.20.12.177:3000/
4:09:49 PM [vite] Pre-transform error: Transform failed with 1 error:
/home/workspace/src/App.jsx:62:39: ERROR: Expected identifier but found "||"
4:09:50 PM [vite] Internal server error: Transform failed with 1 error:
/home/workspace/src/App.jsx:62:39: ERROR: Expected identifier but found "||"
  Plugin: vite:esbuild
  File: /home/workspace/src/App.jsx:62:39
  
  Expected identifier but found "||"
  60 |            <div className="font-semibold text-slate-800 mb-3">{d}</div>
  61 |            <div className="grid sm:grid-cols-2 lg:grid-cols-3 gap-3">
  62 |              {Object.entries(data?.[i]?.||{}).map(([time, slot], idx) => (
     |                                         ^
  63 |                <div key={idx} className="rounded-lg border p-3 bg-slate-50">
  64 |                  <div className="text-xs text-slate-500">{time}</div>
  
      at failureErrorWithLog (/home/workspace/node_modules/esbuild/lib/main.js:1472:15)
      at /home/workspace/node_modules/esbuild/lib/main.js:755:50
      at responseCallbacks.<computed> (/home/workspace/node_modules/esbuild/lib/main.js:622:9)
      at handleIncomingPacket (/home/workspace/node_modules/esbuild/lib/main.js:677:12)
      at Socket.readFromStdout (/home/workspace/node_modules/esbuild/lib/main.js:600:7)
      at Socket.emit (node:events:508:28)
      at addChunk (node:internal/streams/readable:559:12)
      at readableAddChunkPushByteMode (node:internal/streams/readable:510:3)
      at Readable.push (node:internal/streams/readable:390:5)
      at Pipe.onStreamRead (node:internal/stream_base_commons:189:23)
